Backup finished
четвер, 26 січня 2023 17:41:01 +0200
total 8,0K
-rw-rw-r-- 1 zrz zrz 4,7K січ 26 17:41 zrz-virtual-machine-четвер.tgz
Backing up /home/zrz/Desktop to /home/zrz/backup/zrz-virtual-machine-четвер.tgz
четвер, 26 січня 2023 17:42:02 +0200


Backup finished
четвер, 26 січня 2023 17:42:02 +0200
total 8,0K
-rw-rw-r-- 1 zrz zrz 4,8K січ 26 17:42 zrz-virtual-machine-четвер.tgz
Backing up /home/zrz/Desktop to /home/zrz/backup/zrz-virtual-machine-четвер.tgz
четвер, 26 січня 2023 17:43:01 +0200


Backup finished
четвер, 26 січня 2023 17:43:01 +0200
total 8,0K
-rw-rw-r-- 1 zrz zrz 4,8K січ 26 17:43 zrz-virtual-machine-четвер.tgz
Backing up /home/zrz/Desktop to /home/zrz/backup/zrz-virtual-machine-четвер.tgz
четвер, 26 січня 2023 17:44:01 +0200


Backup finished
четвер, 26 січня 2023 17:44:01 +0200
total 8,0K
-rw-rw-r-- 1 zrz zrz 4,8K січ 26 17:44 zrz-virtual-machine-четвер.tgz
Backing up /home/zrz/Desktop to /home/zrz/backup/zrz-virtual-machine-четвер.tgz
четвер, 26 січня 2023 17:45:01 +0200


Backup finished
четвер, 26 січня 2023 17:45:01 +0200
total 8,0K
-rw-rw-r-- 1 zrz zrz 4,8K січ 26 17:45 zrz-virtual-machine-четвер.tgz
Backing up /home/zrz/Desktop to /home/zrz/backup/zrz-virtual-machine-четвер.tgz
четвер, 26 січня 2023 17:46:01 +0200


Backup finished
четвер, 26 січня 2023 17:46:01 +0200
total 8,0K
-rw-rw-r-- 1 zrz zrz 4,8K січ 26 17:46 zrz-virtual-machine-четвер.tgz
Backing up /home/zrz/Desktop to /home/zrz/backup/zrz-virtual-machine-четвер.tgz
четвер, 26 січня 2023 17:47:01 +0200


Backup finished
четвер, 26 січня 2023 17:47:01 +0200
total 8,0K
-rw-rw-r-- 1 zrz zrz 4,8K січ 26 17:47 zrz-virtual-machine-четвер.tgz
Backing up /home/zrz/Desktop to /home/zrz/backup/zrz-virtual-machine-четвер.tgz
четвер, 26 січня 2023 17:48:01 +0200


Backup finished
четвер, 26 січня 2023 17:48:01 +0200
total 8,0K
-rw-rw-r-- 1 zrz zrz 4,8K січ 26 17:48 zrz-virtual-machine-четвер.tgz
Backing up /home/zrz/Desktop to /home/zrz/backup/zrz-virtual-machine-четвер.tgz
четвер, 26 січня 2023 17:49:01 +0200


Backup finished
четвер, 26 січня 2023 17:49:01 +0200
total 8,0K
-rw-rw-r-- 1 zrz zrz 4,8K січ 26 17:49 zrz-virtual-machine-четвер.tgz
Backing up /home/zrz/Desktop to /home/zrz/backup/zrz-virtual-machine-четвер.tgz
четвер, 26 січня 2023 17:50:01 +0200


Backup finished
четвер, 26 січня 2023 17:50:01 +0200
total 8,0K
-rw-rw-r-- 1 zrz zrz 4,8K січ 26 17:50 zrz-virtual-machine-четвер.tgz
Backing up /home/zrz/Desktop to /home/zrz/backup/zrz-virtual-machine-четвер.tgz
четвер, 26 січня 2023 17:51:01 +0200


Backup finished
четвер, 26 січня 2023 17:51:01 +0200
total 8,0K
-rw-rw-r-- 1 zrz zrz 4,8K січ 26 17:51 zrz-virtual-machine-четвер.tgz
Backing up /home/zrz/Desktop to /home/zrz/backup/zrz-virtual-machine-четвер.tgz
четвер, 26 січня 2023 17:52:01 +0200


Backup finished
четвер, 26 січня 2023 17:52:01 +0200
total 8,0K
-rw-rw-r-- 1 zrz zrz 4,8K січ 26 17:52 zrz-virtual-machine-четвер.tgz
Backing up /home/zrz/Desktop to /home/zrz/backup/zrz-virtual-machine-четвер.tgz
четвер, 26 січня 2023 17:53:01 +0200


Backup finished
четвер, 26 січня 2023 17:53:01 +0200
total 8,0K
-rw-rw-r-- 1 zrz zrz 4,9K січ 26 17:53 zrz-virtual-machine-четвер.tgz
Backing up /home/zrz/Desktop to /home/zrz/backup/zrz-virtual-machine-четвер.tgz
четвер, 26 січня 2023 17:54:01 +0200


Backup finished
четвер, 26 січня 2023 17:54:01 +0200
total 8,0K
-rw-rw-r-- 1 zrz zrz 4,9K січ 26 17:54 zrz-virtual-machine-четвер.tgz
Backing up /home/zrz/Desktop to /home/zrz/backup/zrz-virtual-machine-четвер.tgz
четвер, 26 січня 2023 17:55:01 +0200


Backup finished
четвер, 26 січня 2023 17:55:01 +0200
total 8,0K
-rw-rw-r-- 1 zrz zrz 4,9K січ 26 17:55 zrz-virtual-machine-четвер.tgz
Backing up /home/zrz/Desktop to /home/zrz/backup/zrz-virtual-machine-четвер.tgz
четвер, 26 січня 2023 17:56:02 +0200


Backup finished
четвер, 26 січня 2023 17:56:02 +0200
total 8,0K
-rw-rw-r-- 1 zrz zrz 4,9K січ 26 17:56 zrz-virtual-machine-четвер.tgz
Backing up /home/zrz/Desktop to /home/zrz/backup/zrz-virtual-machine-четвер.tgz
четвер, 26 січня 2023 17:57:01 +0200


Backup finished
четвер, 26 січня 2023 17:57:01 +0200
total 8,0K
-rw-rw-r-- 1 zrz zrz 4,9K січ 26 17:57 zrz-virtual-machine-четвер.tgz
